#
# There is insufficient memory for the Java Runtime Environment to continue.
# Native memory allocation (mmap) failed to map 130023424 bytes for G1 virtual space
# Possible reasons:
#   The system is out of physical RAM or swap space
#   The process is running with CompressedOops enabled, and the Java Heap may be blocking the growth of the native heap
# Possible solutions:
#   Reduce memory load on the system
#   Increase physical memory or swap space
#   Check if swap backing store is full
#   Decrease Java heap size (-Xmx/-Xms)
#   Decrease number of Java threads
#   Decrease Java thread stack sizes (-Xss)
#   Set larger code cache with -XX:ReservedCodeCacheSize=
#   JVM is running with Unscaled Compressed Oops mode in which the Java heap is
#     placed in the first 4GB address space. The Java Heap base address is the
#     maximum limit for the native heap growth. Please use -XX:HeapBaseMinAddress
#     to set the Java Heap base and to place the Java Heap above 4GB virtual address.
# This output file may be truncated or incomplete.
#
#  Out of Memory Error (os_windows.cpp:3548), pid=9344, tid=19432
#
# JRE version:  (17.0.12+8) (build )
# Java VM: Java HotSpot(TM) 64-Bit Server VM (17.0.12+8-LTS-286, mixed mode, sharing, tiered, compressed oops, compressed class ptrs, g1 gc, windows-amd64)
# No core dump will be written. Minidumps are not enabled by default on client versions of Windows
#

---------------  S U M M A R Y ------------

Command Line: StudentManagerApp.StudentManager

Host: Intel(R) Core(TM) i5-5300U CPU @ 2.30GHz, 4 cores, 7G,  Windows 10 , 64 bit Build 19041 (10.0.19041.4957)
Time: Tue Nov  5 09:32:44 2024 SE Asia Standard Time elapsed time: 0.019816 seconds (0d 0h 0m 0s)

---------------  T H R E A D  ---------------

Current thread (0x000001a84dc7e7b0):  JavaThread "Unknown thread" [_thread_in_vm, id=19432, stack(0x00000067fe500000,0x00000067fe600000)]

Stack: [0x00000067fe500000,0x00000067fe600000]
Native frames: (J=compiled Java code, j=interpreted, Vv=VM code, C=native code)
V  [jvm.dll+0x67a04a]
V  [jvm.dll+0x7da4ed]
V  [jvm.dll+0x7dbe33]
V  [jvm.dll+0x7dc4a3]
V  [jvm.dll+0x24508f]
V  [jvm.dll+0x677089]
V  [jvm.dll+0x66bd32]
V  [jvm.dll+0x301fa6]
V  [jvm.dll+0x309546]
V  [jvm.dll+0x359d2e]
V  [jvm.dll+0x359f5f]
V  [jvm.dll+0x2d9078]
V  [jvm.dll+0x2d9fe4]
V  [jvm.dll+0x7aca21]
V  [jvm.dll+0x367591]
V  [jvm.dll+0x78b999]
V  [jvm.dll+0x3ec83f]
V  [jvm.dll+0x3ee471]
C  [jli.dll+0x5297]
C  [ucrtbase.dll+0x21bb2]
C  [KERNEL32.DLL+0x17374]
C  [ntdll.dll+0x4cc91]


---------------  P R O C E S S  ---------------

Threads class SMR info:
_java_thread_list=0x00007ffa35547a18, length=0, elements={
}

Java Threads: ( => current thread )

Other Threads:
  0x000001a84dcd8ed0 GCTaskThread "GC Thread#0" [stack: 0x00000067fe600000,0x00000067fe700000] [id=12720]
  0x000001a84dce93c0 ConcurrentGCThread "G1 Main Marker" [stack: 0x00000067fe700000,0x00000067fe800000] [id=200]
  0x000001a84dcea450 ConcurrentGCThread "G1 Conc#0" [stack: 0x00000067fe800000,0x00000067fe900000] [id=9308]

[error occurred during error reporting (printing all threads), id 0xc0000005, EXCEPTION_ACCESS_VIOLATION (0xc0000005) at pc=0x00007ffa34d79b67]

VM state: not at safepoint (not fully initialized)

VM Mutex/Monitor currently owned by a thread:  ([mutex/lock_event])
[0x000001a84dc7a5e0] Heap_lock - owner thread: 0x000001a84dc7e7b0

Heap address: 0x0000000084a00000, size: 1974 MB, Compressed Oops mode: 32-bit

CDS archive(s) mapped at: [0x0000000000000000-0x0000000000000000-0x0000000000000000), size 0, SharedBaseAddress: 0x0000000800000000, ArchiveRelocationMode: 1.
Narrow klass base: 0x0000000000000000, Narrow klass shift: 0, Narrow klass range: 0x0

GC Precious Log:
<Empty>

Heap:
 garbage-first heap   total 0K, used 0K [0x0000000084a00000, 0x0000000100000000)
  region size 1024K, 0 young (0K), 0 survivors (0K)

[error occurred during error reporting (printing heap information), id 0xc0000005, EXCEPTION_ACCESS_VIOLATION (0xc0000005) at pc=0x00007ffa35163859]

GC Heap History (0 events):
No events

Deoptimization events (0 events):
No events

Classes unloaded (0 events):
No events

Classes redefined (0 events):
No events

Internal exceptions (0 events):
No events

VM Operations (0 events):
No events

Events (1 events):
Event: 0.011 Loaded shared library D:\DSA\bin\java.dll


Dynamic libraries:
0x00007ff75a8e0000 - 0x00007ff75a8f0000 	D:\DSA\bin\java.exe
0x00007ffa9c990000 - 0x00007ffa9cb88000 	C:\WINDOWS\SYSTEM32\ntdll.dll
0x00007ffa6d1c0000 - 0x00007ffa6d1da000 	C:\Program Files\Avast Software\Avast\aswhook.dll
0x00007ffa9aa80000 - 0x00007ffa9ab42000 	C:\WINDOWS\System32\KERNEL32.DLL
0x00007ffa9a560000 - 0x00007ffa9a85e000 	C:\WINDOWS\System32\KERNELBASE.dll
0x00007ffa9a290000 - 0x00007ffa9a390000 	C:\WINDOWS\System32\ucrtbase.dll
0x00007ffa919e0000 - 0x00007ffa919fb000 	D:\DSA\bin\VCRUNTIME140.dll
0x00007ffa92bc0000 - 0x00007ffa92bd9000 	D:\DSA\bin\jli.dll
0x00007ffa9b660000 - 0x00007ffa9b712000 	C:\WINDOWS\System32\ADVAPI32.dll
0x00007ffa9af50000 - 0x00007ffa9afee000 	C:\WINDOWS\System32\msvcrt.dll
0x00007ffa9b0d0000 - 0x00007ffa9b170000 	C:\WINDOWS\System32\sechost.dll
0x00007ffa9ad10000 - 0x00007ffa9ae33000 	C:\WINDOWS\System32\RPCRT4.dll
0x00007ffa9a980000 - 0x00007ffa9a9a7000 	C:\WINDOWS\System32\bcrypt.dll
0x00007ffa9c720000 - 0x00007ffa9c8bd000 	C:\WINDOWS\System32\USER32.dll
0x00007ffa9a530000 - 0x00007ffa9a552000 	C:\WINDOWS\System32\win32u.dll
0x00007ffa89180000 - 0x00007ffa8941a000 	C:\WINDOWS\WinSxS\amd64_microsoft.windows.common-controls_6595b64144ccf1df_6.0.19041.4355_none_60b8b9eb71f62e16\COMCTL32.dll
0x00007ffa9be50000 - 0x00007ffa9be7b000 	C:\WINDOWS\System32\GDI32.dll
0x00007ffa9a860000 - 0x00007ffa9a977000 	C:\WINDOWS\System32\gdi32full.dll
0x00007ffa9a390000 - 0x00007ffa9a42d000 	C:\WINDOWS\System32\msvcp_win.dll
0x00007ffa85eb0000 - 0x00007ffa85eba000 	C:\WINDOWS\SYSTEM32\VERSION.dll
0x00007ffa9be10000 - 0x00007ffa9be3f000 	C:\WINDOWS\System32\IMM32.DLL
0x00007ffa96a40000 - 0x00007ffa96a4c000 	D:\DSA\bin\vcruntime140_1.dll
0x00007ffa78030000 - 0x00007ffa780be000 	D:\DSA\bin\msvcp140.dll
0x00007ffa34a90000 - 0x00007ffa35670000 	D:\DSA\bin\server\jvm.dll
0x00007ffa9be40000 - 0x00007ffa9be48000 	C:\WINDOWS\System32\PSAPI.DLL
0x00007ffa793f0000 - 0x00007ffa79417000 	C:\WINDOWS\SYSTEM32\WINMM.dll
0x00007ffa86350000 - 0x00007ffa86359000 	C:\WINDOWS\SYSTEM32\WSOCK32.dll
0x00007ffa9b5f0000 - 0x00007ffa9b65b000 	C:\WINDOWS\System32\WS2_32.dll
0x00007ffa98880000 - 0x00007ffa98892000 	C:\WINDOWS\SYSTEM32\kernel.appcore.dll
0x00007ffa95850000 - 0x00007ffa9585a000 	D:\DSA\bin\jimage.dll
0x00007ffa8fb10000 - 0x00007ffa8fcf4000 	C:\WINDOWS\SYSTEM32\DBGHELP.DLL
0x00007ffa8f9d0000 - 0x00007ffa8fa04000 	C:\WINDOWS\SYSTEM32\dbgcore.DLL
0x00007ffa9a030000 - 0x00007ffa9a0b2000 	C:\WINDOWS\System32\bcryptPrimitives.dll
0x00007ffa808c0000 - 0x00007ffa808e5000 	D:\DSA\bin\java.dll

dbghelp: loaded successfully - version: 4.0.5 - missing functions: none
symbol engine: initialized successfully - sym options: 0x614 - pdb path: .;D:\DSA\bin;C:\WINDOWS\SYSTEM32;C:\Program Files\Avast Software\Avast;C:\WINDOWS\WinSxS\amd64_microsoft.windows.common-controls_6595b64144ccf1df_6.0.19041.4355_none_60b8b9eb71f62e16;D:\DSA\bin\server

VM Arguments:
java_command: StudentManagerApp.StudentManager
java_class_path (initial): D:\DSA\Studyjava3\target\classes
Launcher Type: SUN_STANDARD

[Global flags]
     intx CICompilerCount                          = 3                                         {product} {ergonomic}
     uint ConcGCThreads                            = 1                                         {product} {ergonomic}
     uint G1ConcRefinementThreads                  = 4                                         {product} {ergonomic}
   size_t G1HeapRegionSize                         = 1048576                                   {product} {ergonomic}
    uintx GCDrainStackTargetSize                   = 64                                        {product} {ergonomic}
   size_t InitialHeapSize                          = 130023424                                 {product} {ergonomic}
   size_t MarkStackSize                            = 4194304                                   {product} {ergonomic}
   size_t MaxHeapSize                              = 2069889024                                {product} {ergonomic}
   size_t MinHeapDeltaBytes                        = 1048576                                   {product} {ergonomic}
   size_t MinHeapSize                              = 8388608                                   {product} {ergonomic}
    uintx NonNMethodCodeHeapSize                   = 5832780                                {pd product} {ergonomic}
    uintx NonProfiledCodeHeapSize                  = 122912730                              {pd product} {ergonomic}
    uintx ProfiledCodeHeapSize                     = 122912730                              {pd product} {ergonomic}
    uintx ReservedCodeCacheSize                    = 251658240                              {pd product} {ergonomic}
     bool SegmentedCodeCache                       = true                                      {product} {ergonomic}
   size_t SoftMaxHeapSize                          = 2069889024                             {manageable} {ergonomic}
     bool UseCompressedClassPointers               = true                           {product lp64_product} {ergonomic}
     bool UseCompressedOops                        = true                           {product lp64_product} {ergonomic}
     bool UseG1GC                                  = true                                      {product} {ergonomic}
     bool UseLargePagesIndividualAllocation        = false                                  {pd product} {ergonomic}

Logging:
Log output configuration:
 #0: stdout all=warning uptime,level,tags
 #1: stderr all=off uptime,level,tags

Environment Variables:
JAVA_HOME=D:\DSA
PATH=C:\Program Files\Common Files\Oracle\Java\javapath;C:\Program Files (x86)\VMware\VMware Workstation\bin\;C:\WINDOWS\system32;C:\WINDOWS;C:\WINDOWS\System32\Wbem;C:\WINDOWS\System32\WindowsPowerShell\v1.0\;C:\WINDOWS\System32\OpenSSH\;C:\Program Files (x86)\Microsoft SQL Server\160\Tools\Binn\;C:\Program Files\Microsoft SQL Server\160\Tools\Binn\;C:\Program Files\Microsoft SQL Server\Client SDK\ODBC\170\Tools\Binn\;C:\Program Files\Microsoft SQL Server\160\DTS\Binn\;C:\Program Files (x86)\Microsoft SQL Server\160\DTS\Binn\;C:\Program Files\Azure Data Studio\bin;C:\Program Files\Microsoft SQL Server\150\Tools\Binn\;C:\Program Files\Git\cmd;C:\Users\Admin\AppData\Local\Microsoft\WindowsApps;C:\Program Files\Azure Data Studio\bin
USERNAME=Admin
OS=Windows_NT
PROCESSOR_IDENTIFIER=Intel64 Family 6 Model 61 Stepping 4, GenuineIntel



---------------  S Y S T E M  ---------------

OS:
 Windows 10 , 64 bit Build 19041 (10.0.19041.4957)
OS uptime: 11 days 2:01 hours

CPU: total 4 (initial active 4) (2 cores per cpu, 2 threads per core) family 6 model 61 stepping 4 microcode 0x2d, cx8, cmov, fxsr, ht, mmx, 3dnowpref, sse, sse2, sse3, ssse3, sse4.1, sse4.2, popcnt, lzcnt, tsc, tscinvbit, avx, avx2, aes, erms, clmul, bmi1, bmi2, rtm, adx, fma, vzeroupper, clflush

Memory: 4k page, system-wide physical 7888M (418M free)
TotalPageFile size 16080M (AvailPageFile size 56M)
current process WorkingSet (physical memory assigned to process): 10M, peak: 10M
current process commit charge ("private bytes"): 52M, peak: 175M

vm_info: Java HotSpot(TM) 64-Bit Server VM (17.0.12+8-LTS-286) for windows-amd64 JRE (17.0.12+8-LTS-286), built on Jun  5 2024 06:46:59 by "mach5one" with MS VC++ 17.6 (VS2022)

END.
